Running configuration:
Namespace(atoms=None, charge=None, clause='[[1, 2, 3], [-1, -2, 4], [1, -3, 5], [-1, 3, -5], [2, -4, 6], [-2, 4, -6], [-3, -5, 7], [3, 5, -7], [1, -2, -8], [-1, -6, 8], [-4, 7, -8], [2, -3, 6], [-7, 4, -5], [1, -8, 3], [-1, -3, -4], [-2, -6, -7], [5, -7, -8]]', coords=None, depths=50, external_cycles=100, freeze_core=None, graph_dict=None, internal_cycles=2000, mapper=None, multiplicity=None, problem='Not-All-Equal 3-Satisfiability', qubits=8, remove_orbitals=None)
No graph weights provided, using default values or skipping.

Logic expression:
(x1 OR x2 OR x3) AND (NOT x1 OR NOT x2 OR x4) AND (x1 OR NOT x3 OR x5) AND (NOT x1 OR x3 OR NOT x5) AND (x2 OR NOT x4 OR x6) AND (NOT x2 OR x4 OR NOT x6) AND (NOT x3 OR NOT x5 OR x7) AND (x3 OR x5 OR NOT x7) AND (x1 OR NOT x2 OR NOT x8) AND (NOT x1 OR NOT x6 OR x8) AND (NOT x4 OR x7 OR NOT x8) AND (x2 OR NOT x3 OR x6) AND (NOT x7 OR x4 OR NOT x5) AND (x1 OR NOT x8 OR x3) AND (NOT x1 OR NOT x3 OR NOT x4) AND (NOT x2 OR NOT x6 OR NOT x7) AND (x5 OR NOT x7 OR NOT x8)

------------The 1 th architecture optimization------------
Current optimal ground state energy -1.7077616534939042
------------The 2 th architecture optimization------------
Current optimal ground state energy -1.7077616534939042
------------The 3 th architecture optimization------------
Current optimal ground state energy -2.633946404769415
------------The 4 th architecture optimization------------
Current optimal ground state energy -3.7833774628825365
------------The 5 th architecture optimization------------
Current optimal ground state energy -3.7833774628825365
------------The 6 th architecture optimization------------
Current optimal ground state energy -3.7833774628825365
------------The 7 th architecture optimization------------
Current optimal ground state energy -3.7833774628825365
------------The 8 th architecture optimization------------
Current optimal ground state energy -3.7833774628825365
------------The 9 th architecture optimization------------
Current optimal ground state energy -3.7833774628825365
------------The 10 th architecture optimization------------
Current optimal ground state energy -3.7833774628825365
------------The 11 th architecture optimization------------
Current optimal ground state energy -3.7833774628825365
------------The 12 th architecture optimization------------
Current optimal ground state energy -3.7833774628825365
------------The 13 th architecture optimization------------
Current optimal ground state energy -3.7833774628825365
------------The 14 th architecture optimization------------
Current optimal ground state energy -3.7833774628825365
------------The 15 th architecture optimization------------
Current optimal ground state energy -3.7833774628825365
------------The 16 th architecture optimization------------
Current optimal ground state energy -5.414209313035586
------------The 17 th architecture optimization------------
Current optimal ground state energy -5.414209313035586
------------The 18 th architecture optimization------------
Current optimal ground state energy -5.414209313035586
------------The 19 th architecture optimization------------
Current optimal ground state energy -5.414209313035586
------------The 20 th architecture optimization------------
Current optimal ground state energy -5.414209313035586
------------The 21 th architecture optimization------------
Current optimal ground state energy -5.414209313035586
------------The 22 th architecture optimization------------
Current optimal ground state energy -5.414209313035586
------------The 23 th architecture optimization------------
Current optimal ground state energy -5.414209313035586
------------The 24 th architecture optimization------------
Current optimal ground state energy -5.414209313035586
------------The 25 th architecture optimization------------
Current optimal ground state energy -5.414209313035586
------------The 26 th architecture optimization------------
Current optimal ground state energy -5.414209313035586
------------The 27 th architecture optimization------------
Current optimal ground state energy -5.414209313035586
------------The 28 th architecture optimization------------
Current optimal ground state energy -5.414209313035586
------------The 29 th architecture optimization------------
Current optimal ground state energy -5.414209313035586
------------The 30 th architecture optimization------------
Current optimal ground state energy -5.414209313035586
------------The 31 th architecture optimization------------
Current optimal ground state energy -5.414209313035586
------------The 32 th architecture optimization------------
Current optimal ground state energy -5.414209313035586
------------The 33 th architecture optimization------------
Current optimal ground state energy -5.414209313035586
------------The 34 th architecture optimization------------
Current optimal ground state energy -5.414209313035586
------------The 35 th architecture optimization------------
Current optimal ground state energy -5.414209313035586
------------The 36 th architecture optimization------------
Current optimal ground state energy -5.526359653620421
------------The 37 th architecture optimization------------
Current optimal ground state energy -5.526359653620421
------------The 38 th architecture optimization------------
Current optimal ground state energy -5.526359653620421
------------The 39 th architecture optimization------------
Current optimal ground state energy -5.526359653620421
------------The 40 th architecture optimization------------
Current optimal ground state energy -5.526359653620421
------------The 41 th architecture optimization------------
Current optimal ground state energy -5.526359653620421
------------The 42 th architecture optimization------------
Current optimal ground state energy -5.526359653620421
------------The 43 th architecture optimization------------
Current optimal ground state energy -5.526359653620421
------------The 44 th architecture optimization------------
Current optimal ground state energy -5.526359653620421
------------The 45 th architecture optimization------------
Current optimal ground state energy -5.526359653620421
------------The 46 th architecture optimization------------
Current optimal ground state energy -5.526359653620421
------------The 47 th architecture optimization------------
Current optimal ground state energy -5.526359653620421
------------The 48 th architecture optimization------------
Current optimal ground state energy -5.526359653620421
------------The 49 th architecture optimization------------
Current optimal ground state energy -5.526359653620421
------------The 50 th architecture optimization------------
Current optimal ground state energy -5.526359653620421
------------The 51 th architecture optimization------------
Current optimal ground state energy -5.526359653620421
------------The 52 th architecture optimization------------
Current optimal ground state energy -5.526359653620421
------------The 53 th architecture optimization------------
Current optimal ground state energy -5.526359653620421
------------The 54 th architecture optimization------------
Current optimal ground state energy -5.526359653620421
------------The 55 th architecture optimization------------
Current optimal ground state energy -5.526359653620421
------------The 56 th architecture optimization------------
Current optimal ground state energy -5.526359653620421
------------The 57 th architecture optimization------------
Current optimal ground state energy -5.526359653620421
------------The 58 th architecture optimization------------
Current optimal ground state energy -5.526359653620421
------------The 59 th architecture optimization------------
Current optimal ground state energy -5.526359653620421
------------The 60 th architecture optimization------------
Current optimal ground state energy -5.526359653620421
------------The 61 th architecture optimization------------
Current optimal ground state energy -5.526359653620421
------------The 62 th architecture optimization------------
Current optimal ground state energy -5.526359653620421
------------The 63 th architecture optimization------------
Current optimal ground state energy -5.526359653620421
------------The 64 th architecture optimization------------
Current optimal ground state energy -5.526359653620421
------------The 65 th architecture optimization------------
Current optimal ground state energy -5.526359653620421
------------The 66 th architecture optimization------------
Current optimal ground state energy -5.526359653620421
------------The 67 th architecture optimization------------
Current optimal ground state energy -5.999573882960741
------------The 68 th architecture optimization------------
Current optimal ground state energy -5.999573882960741
------------The 69 th architecture optimization------------
Current optimal ground state energy -5.999573882960741
------------The 70 th architecture optimization------------
Current optimal ground state energy -5.999573882960741
------------The 71 th architecture optimization------------
Current optimal ground state energy -5.999573882960741
------------The 72 th architecture optimization------------
Current optimal ground state energy -5.999573882960741
------------The 73 th architecture optimization------------
Current optimal ground state energy -5.999573882960741
------------The 74 th architecture optimization------------
Current optimal ground state energy -5.999573882960741
------------The 75 th architecture optimization------------
Current optimal ground state energy -5.999573882960741
------------The 76 th architecture optimization------------
Current optimal ground state energy -5.999573882960741
------------The 77 th architecture optimization------------
Current optimal ground state energy -5.999573882960741
------------The 78 th architecture optimization------------
Current optimal ground state energy -5.999573882960741
------------The 79 th architecture optimization------------
Current optimal ground state energy -5.999573882960741
------------The 80 th architecture optimization------------
Current optimal ground state energy -5.999573882960741
------------The 81 th architecture optimization------------
Current optimal ground state energy -5.999573882960741
------------The 82 th architecture optimization------------
Current optimal ground state energy -5.999573882960741
------------The 83 th architecture optimization------------
Current optimal ground state energy -5.999573882960741
------------The 84 th architecture optimization------------
Current optimal ground state energy -5.999573882960741
------------The 85 th architecture optimization------------
Current optimal ground state energy -5.999573882960741
------------The 86 th architecture optimization------------
Current optimal ground state energy -5.999573882960741
------------The 87 th architecture optimization------------
Current optimal ground state energy -5.999573882960741
------------The 88 th architecture optimization------------
Current optimal ground state energy -5.999573882960741
------------The 89 th architecture optimization------------
Current optimal ground state energy -5.999573882960741
------------The 90 th architecture optimization------------
Current optimal ground state energy -5.999573882960741
------------The 91 th architecture optimization------------
Current optimal ground state energy -5.999573882960741
------------The 92 th architecture optimization------------
Current optimal ground state energy -5.999573882960741
------------The 93 th architecture optimization------------
Current optimal ground state energy -5.999573882960741
------------The 94 th architecture optimization------------
Current optimal ground state energy -5.999573882960741
------------The 95 th architecture optimization------------
Current optimal ground state energy -5.999573882960741
------------The 96 th architecture optimization------------
Current optimal ground state energy -5.999573882960741
------------The 97 th architecture optimization------------
Current optimal ground state energy -5.999573882960741
------------The 98 th architecture optimization------------
Current optimal ground state energy -5.999573882960741
------------The 99 th architecture optimization------------
Current optimal ground state energy -5.999573882960741
------------The 100 th architecture optimization------------
Current optimal ground state energy -5.999573882960741
------------The 101 th architecture optimization------------
Current optimal ground state energy -5.999934585710551

Updated p1 : [-5.72191419873432, 2.0175774467056087, -4.210034425551681, -5.7555097274934965, 0.4996976363494863, -1.4336447827564562, -2.1534921353903416, -2.424654965915235, 2.7242447098648075, 6.047046682948158, -0.7773645284737567, -1.8718263654491718, -0.013696525553400285, 2.6161328371301433, 8.75542265393197, 6.9243586657737985, -0.9506585659466991, -5.218409146790226, -6.249901035989352, -3.417859415851334, 7.226585112754911, 2.6905827690622193, 0.6569367299215365, 2.7750253103950495, -1.9146911792488508, 7.031674461234916, -5.731518997408676, -5.448270707150886, -3.6093215235247618, 4.2046214730808416, -5.935125688158449, 6.9100558461946395, 0.9759175050392699, -4.059854552247563, 0.10330978690823933, -7.617194581038641, 6.996355044849832, 0.11044289095882398, 2.3163393555233114, -5.896331099478237, -0.40343840395220454, 8.654684992497977, 7.805269216018152, 3.437825343287459, -3.1144443139129674, 4.206800988365963, -2.9867683252895576, 2.6782884854011133, 1.7746672966680066, 5.149095067730059, 2.5301019713734387, 3.568706560474636, 5.6802683996739205, 0.2627646488849731, 5.771831358239199, 7.448318929879605, -0.6053235181873635, 5.945491495734723, 6.991787097950189, -4.006440990253658, 3.9234605146844945, -7.5735010120748605, -4.685308506036071, -4.678688192536503, 4.328849844604417, -1.6705528280121857, -5.607490157271613, 4.5896766863744975, -7.860129760027279, 8.617507446397838, -0.9999819099578033, 1.70590751385323, -2.665489145287009, -1.5872457129835098, 3.61532484376659, 0.027928102078695005, -3.580436832121131, 7.704657317957976, -0.9806169911184197, 8.429354946053945, -7.452719391571215, -4.341501934312218, 5.651163157382202, 2.1432153635205484, 7.511839682382522, 1.920551531837507, -5.1087955494000585, 1.4347250918592813, -4.953098068678452, 2.9350218358367233, -6.529482924469126, -2.9524596014875852, -3.1547477419316143, 3.695055239201235, 0.025992751782684564, -3.6144016776528467, -7.76956256472461, 5.728182694302136, -5.225519004705686, -7.913301023193715, 3.2338543697882756, -1.3927759585558492, -5.7458604828707855, -0.4163404829006927, 7.9938119620993255, -4.529112110688342, 3.2029080500676894, 2.748869465423418, 1.6247370092143392, -5.738333864343202, -4.549899381020511, 7.203450726279851, -2.4672995732377814, 6.793062030481037, 5.108736886396677, -6.057862541926356, -0.5846309384106103, 2.675159407858864, -6.504493822579048, 2.2933172662480885, -6.06434376492348, -1.3054452707760955, -2.8160725181845168, 1.7316350957447568, -4.892571059109837, 8.644585123890401, 5.163194286032381, -1.963170160744622, -5.390728218309475, 5.733673055113632, -5.545035313797806, -0.5186560307562118, -4.211913140002271, -6.714954897677926, 4.086909012858232, -3.7295795892582335, 6.086357640653102, 6.656514449201078, 2.200929451787081, 0.6715222579791718, 8.009473272632654, 6.470661810042275, -5.377627919476282, 3.6864805904967017, 3.8781822010173777, -5.391248540822122, -3.2806448477479826, 8.864099366915447, -0.8615516485808072, -3.695523792977772, 7.710125008560363, 2.975480277497791, 6.211118794874315, -1.8941583607006214, -6.904436736305162, 6.964916827888915, -3.842519287828914, 6.066143642990717, -3.435056991376201, 5.361950123782901, 0.17275650136138232, -5.39299424954387, 4.266123225992764, 1.9990675248653833, -4.160054747355071, -0.22957376921133665, 4.62498506250275, 1.6889083664537043, -5.0306150332303154, 6.828905532894746, 8.405489528055199, -6.946211738744248, 8.679883442074932, -7.731965555376535, 4.380853270672242, -6.578603645537947, -5.810148340350557, -0.2253439565592128, 5.430961064356923, 8.286149674319809, 4.831931829408756, -7.701908462995709, -3.9956197983162385, -2.942131042097598, 8.771863469224574, -7.536682950191392, -5.75142505293314, -3.350847648885007, -3.2959550843725935, 2.8849730627592844, -6.140244046267899, 8.953474233391429, -5.951229640344541, -4.124828897162516, -6.16617071517989, -2.694963986590964, -5.510140678493173, 7.009177392926974, -0.32654210463129285, -3.375103506522538, 2.3874774445661444, 5.337874173142781, -2.999065775421948, 3.0787442874214666, -0.9740160046880417, 7.493024788418413, -7.887579487612782, -2.945332775303692, -3.858952276707768, -6.378556664754053, 3.6002116376507853, 8.239691146867166, -7.148663550954317, -0.22631085934283934, -0.9870605176877181, -5.286601898866611, 6.256816206964041, 8.335875177152115, -5.2751655656814105, 6.291216417772345, 7.995606452392087, 3.0981639118226685, -4.812820852807121, 4.760202975517945, -6.318034634915624, -5.676832110032594, -4.916998526152984, -1.0789897166463787, 7.731335215561234, -3.2631795195166555, 5.560780003809992, -7.292022355471936, -4.1348386354832884, -1.6422361453456267, 1.56079458966882, 4.217308855895126, 2.5026771544882127, 8.130473986911682, -1.0913224098636318, -1.626368082511262, 4.059327675568287, -5.0943516949136125, -1.3025017488428974, 6.473296768549167, -3.175357323133663, 4.289504954363055, 6.2066558623780725, -3.421237952672727, -6.014606540646673, -1.3692777669239948, -6.123730241437457, -1.4297235399922146, -4.888705442293187, -5.2373429271005465, 4.38851044379544, 5.647360562634544, 7.623893250635737, -0.7690008889761257, 2.6408208156205255, -1.168443573289622, -6.670894909647435, -1.0696908230016717, 4.2807836753246775, 2.308620091406265, 6.307175382623992, 3.502484704966472, 4.525394976524229, -2.657979982383994, -2.9272064337079984, -3.274815891886047, -6.483345089760459, 8.683314590356215, 7.82092658653751, 2.8222596007157623, -1.097688561564027, -6.789457072931889, 0.32080137768308425, 4.75232975675709, -4.717490377547749, 0.47993689649702276, -2.8805877586099866, -5.16687406843697, 8.488103416897726, -0.7222286022539643, -5.293953683929642, 8.435218242669468, -3.7912711234131304, 4.193306011920701, 8.581048199741982, -2.5446523800714846, -5.745401271845134, 6.69246337755234, -2.864141130674753, 5.667835633975143, 2.1405900435420264, 0.9233601774311779, 0.984003846632703, 2.374217883413481, -0.28250837127253003, 2.8605251596998134, 3.051644412747409, 7.554526360728074, 2.02148567465278, 4.13662020809177, 2.915681146330652, -2.0770029485580928, -3.997381616631017, -6.714375376524128, -7.022329790451538, 1.9602955251511016, 8.386766601212127, -4.522819394514656, 1.467802187892497, 6.685695009106343, 8.641624000710312, -2.9021208624998085, -6.505007380448902, -3.97242470477412, -6.7788961844960065, -6.1903828892136605, -0.9229993896986306, 5.131010383739252, -5.17086833632721, -6.407264359400912, 5.720986847382049, 2.1814428558462975, 5.792415711804711, 5.523122300163296, 2.649948799204415, 1.622064908894437, 8.312364406072614, -4.687682161446656, 4.872281119978167, 5.576096330300777, 2.0443620919850574, 3.934813013641488, -2.4749865501881247, 3.9060116901231616, 3.0281940511366123, -6.23529830045929, -4.922057597856494, 6.615680101119645, 2.488145878207927, 0.3870565237801973, 0.6996040243093482, 5.217279246819567, -2.6719980419933345, 0.8348030021537287, -1.680019552627681, 3.3209413304032065, 3.811710284365242, -0.2656243502136304, -2.4310191078288383, -7.293745322146684, 6.201007755246968, 2.1707743809124533, 5.459396363412123, -0.16776647305903492, 8.143350256720137, -3.1090721607080383, 3.814779782302054, 6.988753863844298, -1.286608499473635, -4.0490499075716535, -4.996457992445569, -2.737458009301407, -5.289824078705529, 1.8892758247042227, 7.637390711870131, -1.336802981147553, 2.7785184113352432, -0.4492960714038894, -4.80247416060214, 8.78582263411894, 0.5711930409527568, -4.64403308980018, -5.672563380671242, -3.7503391742688956, 6.328165006553885, 0.186476969811471, -4.066614815424131, 4.545015217868897, 8.473971936379812, 2.1143363523226117, -3.169699660129421, -1.2495887419422065, 0.9966558148168119, 6.016433304133418, -4.883575181200758, -0.800722501965156, -4.206993502551837, 7.982569806331329, 8.134239253724324, -6.72501163248021, 7.700092839337113, 3.2797080946276473, -1.306907109522208, 4.232349906976783, -7.0658767746627635, -3.3807640685497624]
Optimal molecular ground state energy: -5.999934585710551
Optimized angle parameters: [ 6.28269286e+00  6.28234074e+00  4.39811008e+00  4.71208421e+00
  3.91608490e+00  3.14193106e+00  1.83265391e+00  6.87742088e+00
  3.14167793e+00  2.54787281e+00  6.75278612e+00  2.11472454e+00
  5.49719556e+00  1.27849823e-01  6.28357854e+00  2.23031368e+00
  5.48217686e+00  7.85023981e-01  1.56926732e+00  4.36313976e+00
  4.71369255e+00  4.71320985e+00  3.14213403e+00  3.14145461e+00
  1.57090255e+00  1.53199570e+00  3.14189925e+00  1.57071283e+00
  4.71323587e+00  1.57081157e+00  3.63069155e+00 -1.25548465e-04
  2.29330638e+00  1.02711121e+00  6.28388944e+00  1.36662344e+00
  4.71317094e+00  7.85600702e-01  1.37581112e+00  1.57102155e+00
  3.14230827e+00  5.49867855e+00  3.14273142e+00  4.71214772e+00
  3.43812229e+00  3.14112205e+00  3.14056405e+00  2.16184860e+00
  1.57149735e+00  4.71335915e+00  1.57089853e+00  4.00707802e+00
  4.71124946e+00  4.71166228e+00  3.14215564e+00  6.28427523e+00
  4.71297178e+00  2.94365832e+00  1.57112594e+00  4.71299045e+00
  4.71911054e+00  2.18102493e-04  1.58731494e+00  3.91087765e+00
  6.28436763e+00  3.14023729e+00  4.46847787e+00  4.71289042e+00]
Depth: 50
Final Statevector:
 Statevector([-5.55141752e-05-1.17395544e-04j,
              6.25046336e-07+2.20050597e-06j,
             -2.97109919e-07-1.61855432e-07j,
              2.83126862e-05+1.12827425e-04j,
              3.33601007e-05+2.06686663e-05j,
             -6.94813123e-05+3.59578687e-04j,
              6.95710823e-05+1.48314528e-04j,
              7.91870645e-05+3.12407397e-04j,
             -1.96588134e-07-5.09127188e-07j,
             -5.65473631e-10+1.04446657e-07j,
              5.28110032e-08+6.83586503e-08j,
             -9.47344544e-08+2.56916031e-07j,
              1.02385401e-04+2.13663891e-04j,
             -6.93163644e-05-1.57622481e-04j,
             -2.86239765e-07+9.43024915e-07j,
             -3.37880664e-08+1.09797927e-06j,
             -3.41798601e-05+3.55996764e-05j,
             -3.64720290e-05+4.52046565e-05j,
              2.09995508e-08+7.43377529e-08j,
             -7.10044725e-05+7.56196814e-05j,
              4.11330447e-08-7.54510910e-08j,
              4.41447193e-06-7.05965391e-06j,
             -1.68073666e-07-2.16585491e-07j,
             -1.78429162e-05-1.81376883e-05j,
             -5.37209782e-05-1.00453833e-05j,
             -3.74692169e-06+2.65763238e-05j,
              9.69489666e-08-6.56663054e-08j,
              1.52053703e-05-1.11938181e-04j,
             -1.06702649e-07-2.31898845e-07j,
              7.15954627e-06+4.72224434e-06j,
             -8.23402574e-09+1.95165325e-07j,
              5.76561584e-05+6.54071352e-05j,
              8.41975023e-05+2.37483832e-05j,
              2.43959265e-05-6.25552342e-06j,
              1.54555478e-05+4.27070340e-06j,
             -4.27335905e-08+6.44904614e-08j,
              2.88442765e-08-4.09054489e-07j,
             -3.59981836e-05-1.43517930e-04j,
              2.33939804e-07+6.49341569e-08j,
             -3.24494061e-08-1.21185275e-07j,
             -2.31156545e-05-1.26697346e-05j,
              6.30470041e-06+2.51860697e-05j,
             -4.24580474e-06-2.39451405e-06j,
              1.54951919e-07+6.34236383e-08j,
             -4.49870109e-05+2.14817514e-05j,
             -1.39752860e-04+3.44340308e-05j,
              1.06126415e-05-4.87640568e-06j,
             -3.61856831e-05+3.71682069e-05j,
              5.19819133e-08-1.96850154e-08j,
              1.83308753e-06-9.20984849e-07j,
              6.62943900e-08+2.45649061e-07j,
             -9.77132503e-05+4.66784542e-05j,
             -1.74156860e-04-4.80609181e-04j,
             -1.12448310e-04-1.06490185e-04j,
              3.24091089e-04-8.01586559e-05j,
              3.53148412e-05-2.06391145e-05j,
             -3.02709795e-07+2.21299854e-07j,
             -1.15259940e-06-1.75626896e-06j,
             -2.40620618e-05-9.55451953e-05j,
              1.98415384e-05+4.26217127e-05j,
             -7.83235284e-05-3.10741964e-05j,
             -2.88397748e-04+4.66439889e-04j,
              8.07620659e-07-4.40266956e-07j,
              7.36394812e-05+1.62122985e-04j,
             -9.56460617e-06+2.06601582e-06j,
              2.20820899e-04+1.31665357e-04j,
              7.56587995e-05+3.96139592e-06j,
              3.10693469e-07+8.84609232e-08j,
             -1.41724270e-05-1.87516506e-05j,
             -8.14973552e-08+3.90199576e-08j,
             -7.76685671e-05-1.02091085e-04j,
              9.41623184e-06-6.24150033e-06j,
             -2.31732613e-06-9.14742418e-06j,
              3.32047955e-07+4.30294180e-07j,
              4.34009123e-04+2.45518876e-04j,
             -2.36351446e-07-5.80966909e-07j,
              5.42133298e-06+5.11290856e-05j,
             -1.70089277e-07-3.99416637e-08j,
             -3.96673403e-06-1.18008150e-04j,
              2.97045388e-07+1.02941100e-05j,
             -9.03373121e-05+1.51842910e-04j,
              1.96064559e-04+6.95595694e-05j,
             -1.35356184e-03-1.18107385e-03j,
              5.45505553e-08-3.05510258e-07j,
              1.14447243e-07-8.42835408e-08j,
              4.58822533e-07+1.97237470e-07j,
              5.04703414e-07+7.24018880e-07j,
              1.05735726e-07+1.14526135e-07j,
             -2.68828508e-04-3.65704139e-04j,
             -3.34326287e-05+7.32237073e-06j,
              6.07392011e-01+3.62033232e-01j,
              1.75383432e-04+6.28552482e-05j,
              1.41587453e-07+7.78010246e-08j,
             -2.29612888e-04-8.23900123e-05j,
             -1.64665033e-04-1.87865950e-04j,
             -3.85740178e-07+5.55957468e-08j,
              2.54283704e-04+6.46091003e-04j,
              3.80515778e-04-2.47654386e-04j,
             -2.21794398e-04-8.17835718e-05j,
              9.05113315e-05-1.51409769e-04j,
              1.82940846e-06+8.70669026e-07j,
             -2.55117183e-04+1.42643751e-04j,
              5.00828018e-05+1.83406846e-05j,
             -1.35138077e-07-6.91458380e-08j,
             -1.34652609e-04+6.80186050e-06j,
             -1.62245843e-04-6.36691095e-04j,
             -1.85167059e-05+4.26396385e-05j,
             -3.55207404e-07-3.39859633e-07j,
              5.84550442e-07-1.88468240e-06j,
              1.45910022e-04-5.81902114e-05j,
              3.60112516e-05-1.01293825e-04j,
              6.96399827e-09+6.21465172e-08j,
              1.41605799e-04-2.48757897e-04j,
             -1.89869985e-05+5.32830619e-05j,
              2.60797579e-07-1.65972612e-07j,
             -3.38573010e-06+9.88075974e-06j,
              9.85929774e-08+2.06156393e-08j,
             -2.22840903e-05+6.50601417e-06j,
             -1.78933505e-07+3.68677426e-08j,
              5.31108994e-06-1.39787137e-06j,
              3.73738137e-04+2.21990061e-04j,
             -2.18965907e-08+5.36912614e-07j,
              4.00700664e-07-4.01044588e-08j,
              6.51980014e-08+2.95493937e-07j,
              7.06528167e-09-3.42286680e-07j,
             -6.72250708e-05+3.77012012e-05j,
              2.36711507e-08-2.64448005e-08j,
              1.58589435e-05-8.89035828e-06j,
              3.01517500e-07-3.02389380e-07j,
             -2.11638504e-04+1.32943070e-04j,
             -2.20458358e-04+1.04229817e-04j,
             -1.05752603e-07+3.44708540e-07j,
             -1.68448026e-04+8.02293170e-05j,
              6.85560815e-01-1.73208094e-01j,
              1.83065114e-05-2.89136799e-05j,
              3.61759006e-04-2.74252990e-04j,
             -1.77284267e-07-4.12541792e-09j,
             -6.44415106e-07+3.50718913e-07j,
             -4.79354021e-07+3.37432246e-07j,
             -2.04505923e-08+1.01285843e-07j,
             -9.54362799e-07-3.60149324e-07j,
              1.49600650e-03-4.71651147e-05j,
              1.88597992e-04-9.01292916e-05j,
             -4.14271715e-05-1.71391584e-04j,
             -7.39712910e-06-7.01111788e-06j,
             -8.58981569e-05-8.08314398e-05j,
              1.33851895e-07-1.24445406e-07j,
              3.98593107e-05+3.22789937e-05j,
              9.51512291e-08+1.22093952e-08j,
             -4.80375894e-04+1.32594148e-04j,
             -5.29147597e-07+9.90362129e-08j,
              7.63175941e-06+5.26085947e-06j,
              1.97677305e-06-1.12474907e-05j,
              1.26997561e-04+1.73670659e-05j,
             -6.63303679e-08+2.37250123e-08j,
              2.34188895e-05+3.26574699e-06j,
              1.83394495e-07-4.90181040e-08j,
              5.61133735e-05-5.09120134e-05j,
              2.48956423e-04-6.28094930e-05j,
             -4.92230475e-06+8.08388131e-06j,
             -4.88975991e-06+1.75583091e-05j,
              7.49021997e-08-1.04232083e-07j,
              2.08782901e-05-7.39461056e-05j,
             -9.94477565e-08-1.66521500e-07j,
             -2.73734853e-07-1.24492849e-07j,
             -1.30697852e-07+2.51667278e-07j,
              2.05861440e-07+3.60412248e-07j,
              9.85729804e-05-2.54024484e-05j,
              2.62213669e-06-4.75705206e-06j,
             -3.16034478e-08-1.04206112e-08j,
             -1.10765760e-05+2.05963328e-05j,
             -1.26746145e-07+6.07724070e-08j,
             -4.33421427e-06-9.53303543e-06j,
              4.81885817e-07-7.10986800e-08j,
             -2.44656414e-05-5.10328395e-05j,
              5.87282825e-05+2.60691846e-04j,
             -2.20505853e-07+6.43768474e-08j,
             -1.17424015e-06-2.24164997e-06j,
              6.21561598e-05-1.45126829e-04j,
             -8.50949375e-07-1.83222257e-06j,
              4.14863033e-07+3.16479496e-07j,
              1.70128033e-05+4.31442408e-05j,
              1.02141968e-04+4.49436247e-04j,
             -9.10426054e-05+1.00027400e-04j,
              1.28678333e-07-1.53688185e-07j,
             -4.84423312e-05+2.27711935e-05j,
              2.03629236e-04+2.09055974e-04j,
             -2.10520221e-06+3.68127036e-07j,
             -4.29737818e-05-1.70608628e-04j,
              2.14952023e-04-9.86561403e-05j,
             -1.72005194e-04+1.31194665e-04j,
             -6.36577354e-04-2.77323140e-04j,
             -5.37731776e-06+8.70524521e-05j,
             -3.45552714e-07-2.62954700e-07j,
              1.87536447e-06+8.17437327e-06j,
             -2.43370394e-07+4.02613789e-07j,
             -8.99686175e-05+6.83728392e-05j,
              2.12999289e-07+1.13435373e-07j,
              2.13979052e-05-1.60553998e-05j,
             -3.08635660e-05-4.50808701e-05j,
             -5.26336438e-07+2.51737059e-05j,
             -2.20603644e-08+1.65849181e-07j,
             -8.03152010e-06+2.02129349e-06j,
              2.83945532e-07+1.52497900e-07j,
             -1.03772816e-04+3.31444055e-06j,
              4.40084839e-08-1.86469689e-08j,
             -5.80235367e-05+6.28178197e-06j,
              4.94074142e-05-9.34517572e-07j,
              9.64438433e-07-4.78380102e-07j,
              9.41085866e-09+7.46265445e-08j,
              1.03143830e-04-1.15885889e-04j,
             -7.90226139e-05+2.22688398e-04j,
             -1.68590617e-07+2.40330934e-07j,
              8.66869626e-09-1.56809987e-07j,
              4.06914469e-08+8.61978939e-08j,
             -2.01540392e-08+2.57247724e-07j,
             -1.64419645e-04+2.76258006e-04j,
              5.54043947e-05-1.53659094e-04j,
             -3.48966845e-05+3.64363525e-04j,
             -8.93054285e-06-3.85260187e-05j,
              5.99805106e-05-1.00253396e-04j,
             -1.93230378e-07+1.36461242e-07j,
             -1.05863810e-06+1.76500397e-06j,
              4.37880337e-05-1.22057659e-04j,
              6.20323363e-05-1.66937524e-04j,
             -8.53642799e-07+7.39220479e-09j,
              5.34089799e-04-1.25641065e-04j,
             -2.97891953e-05-8.30650989e-05j,
              1.58317994e-05-4.44104087e-05j,
             -5.07282444e-05+8.44592206e-05j,
             -2.19924914e-07+1.74742668e-06j,
             -2.25231297e-07-1.32559955e-07j,
              3.92786306e-05+1.04981258e-05j,
              2.87235566e-04+1.72150779e-04j,
             -4.03694054e-06-1.54976121e-04j,
             -2.16290585e-04+4.62786621e-04j,
              1.04640779e-05+3.33119393e-06j,
             -1.01102877e-07+2.39540435e-07j,
              1.80976666e-06+6.54525367e-07j,
              9.40208641e-08+2.13861932e-08j,
             -5.18062943e-05+9.30212535e-07j,
             -1.11618736e-05-3.87254106e-06j,
              1.22252859e-04+7.43578393e-05j,
              4.68901746e-05+1.66358878e-05j,
             -1.97530562e-08-6.67370298e-09j,
             -1.37836495e-06-4.61212893e-06j,
             -1.33892518e-05+2.21703780e-05j,
             -7.34300794e-06-2.53022092e-05j,
             -1.34427621e-07+3.14815464e-07j,
             -1.29029409e-07-1.86667568e-07j,
              7.59992997e-05-1.26697064e-04j,
              2.86878485e-07-1.24880263e-07j,
             -1.59684001e-08-1.60914374e-09j,
             -7.86086855e-06-1.39536222e-05j,
             -2.16073924e-05-1.28636669e-05j,
             -4.26778981e-05-7.62599879e-05j],
            dims=(2, 2, 2, 2, 2, 2, 2, 2))
Standard: -6.000000000000011
Error: 6.541428945983085e-05

Bit strings: ['01011010', '01111010', '10000101', '10100101']
Node status for all best solutions (node number: spin value):
Solution 1:
Node x1: Spin Value 1(-> 0)
Node x2: Spin Value -1(-> 1)
Node x3: Spin Value 1(-> 0)
Node x4: Spin Value -1(-> 1)
Node x5: Spin Value -1(-> 1)
Node x6: Spin Value 1(-> 0)
Node x7: Spin Value -1(-> 1)
Node x8: Spin Value 1(-> 0)
Solution 2:
Node x1: Spin Value 1(-> 0)
Node x2: Spin Value -1(-> 1)
Node x3: Spin Value -1(-> 1)
Node x4: Spin Value -1(-> 1)
Node x5: Spin Value -1(-> 1)
Node x6: Spin Value 1(-> 0)
Node x7: Spin Value -1(-> 1)
Node x8: Spin Value 1(-> 0)
Solution 3:
Node x1: Spin Value -1(-> 1)
Node x2: Spin Value 1(-> 0)
Node x3: Spin Value 1(-> 0)
Node x4: Spin Value 1(-> 0)
Node x5: Spin Value 1(-> 0)
Node x6: Spin Value -1(-> 1)
Node x7: Spin Value 1(-> 0)
Node x8: Spin Value -1(-> 1)
Solution 4:
Node x1: Spin Value -1(-> 1)
Node x2: Spin Value 1(-> 0)
Node x3: Spin Value -1(-> 1)
Node x4: Spin Value 1(-> 0)
Node x5: Spin Value 1(-> 0)
Node x6: Spin Value -1(-> 1)
Node x7: Spin Value 1(-> 0)
Node x8: Spin Value -1(-> 1)

State dictionary:
{'00000000': 1.6863537360078288e-08, '00000001': 5.232909467379515e-12, '00000010': 1.1447148445407727e-13, '00000011': 1.3531636124952851e-08, '00000100': 1.540090087078783e-09, '00000101': 1.3412448514176507e-07, '00000110': 2.683733466792195e-08, '00000111': 1.0386897319903602e-07, '00001000': 2.9785738853745136e-13, '00001001': 1.0909423876599e-14, '00001010': 7.461907133623201e-15, '00001011': 7.49804637832499e-14, '00001100': 5.613502886020973e-08, '00001101': 2.9649604899525842e-08, '00001110': 9.712291940767693e-13, '00001111': 1.2067001109972878e-12, '00010000': 2.435599800787707e-09, '00010001': 3.37366987266471e-09, '00010010': 5.967082634026572e-15, '00010011': 1.0759971333229524e-08, '00010100': 7.384794496353753e-15, '00010101': 6.932627581295689e-11, '00010110': 7.515803198428601e-14, '00010111': 6.473453980547447e-10, '00011000': 2.986853223727736e-09, '00011001': 7.203404084124247e-10, '00011010': 1.3711165789012456e-14, '00011011': 1.276135972557654e-08, '00011100': 6.516252960840364e-14, '00011101': 7.355869435439281e-11, '00011110': 3.8157303364885824e-14, '00011111': 7.602325942575357e-09, '00100000': 7.653205103287806e-09, '00100001': 6.342928016363164e-10, '00100010': 2.5711286599213454e-10, '00100011': 5.9851793660871324e-15, '00100100': 1.6815756694428918e-13, '00100101': 2.1893265372581505e-08, '00100110': 5.894427646388737e-14, '00100111': 1.5738834776487763e-14, '00101000': 6.948556597602547e-10, '00101001': 6.74087352211953e-10, '00101010': 2.3760555441946514e-11, '00101011': 2.8032655089690497e-14, '00101100': 2.485296793559822e-09, '00101101': 2.0716564456452092e-08, '00101110': 1.3640749180702166e-10, '00101111': 2.690879266660098e-09, '00110000': 3.0896191374849036e-15, '00110001': 4.208422975573758e-12, '00110010': 6.473840726968006e-14, '00110011': 1.1726757361070497e-08, '00110100': 2.6131579678879447e-07, '00110101': 2.3984781906298287e-08, '00110110': 1.1146044432616609e-07, '00110111': 1.6731110591562429e-09, '00111000': 1.4060684570870686e-13, '00111001': 4.412966017282357e-12, '00111010': 9.70786715641409e-09, '00111011': 2.2102970409468804e-09, '00111100': 7.100180779756991e-09, '00111101': 3.007394305459305e-07, '00111110': 8.460861214148516e-13, '00111111': 3.1706635363188656e-08, '01000000': 9.57501125300246e-11, '01000001': 6.609763559113729e-08, '01000010': 5.739946597661915e-09, '01000011': 1.0435576677700852e-13, '01000100': 5.524820842953338e-10, '01000101': 8.164375994142892e-15, '01000110': 1.6454996057189434e-08, '01000111': 1.2762174834128706e-10, '01001000': 8.904536954336062e-11, '01001001': 2.954089253496242e-13, '01001010': 2.486434368824182e-07, '01001011': 3.933845548918917e-13, '01001100': 2.643574249016579e-09, '01001101': 3.0525698607635494e-14, '01001110': 1.3941658478032495e-08, '01001111': 1.0605693733856189e-10, '01010000': 3.121709925635053e-08, '01010001': 4.327984509577103e-08, '01010010': 3.2270650958811566e-06, '01010011': 9.631228067033361e-14, '01010100': 2.0201886740195514e-14, '01010101': 2.494207361951143e-13, '01010110': 7.789288755015555e-13, '01010111': 2.4296279393301882e-14, '01011000': 2.0600828441736842e-07, '01011001': 1.1713577717383798e-09, '01011010': 0.49999311586775375, '01011011': 3.471013061756709e-08, '01011100': 2.610000631998109e-14, '01011101': 5.951019241335818e-08, '01011110': 6.240818823320911e-08, '01011111': 1.5188637185711176e-13, '01100000': 4.820937864157564e-07, '01100001': 2.0612495187960055e-07, '01100010': 5.588130745316781e-08, '01100011': 3.1117219394954516e-08, '01100100': 4.1047998496407725e-12, '01100101': 8.543201699383958e-08, '01100110': 2.844667744165156e-09, '01100111': 2.304344679057429e-14, '01101000': 1.8177590348578626e-08, '01101001': 4.316992636744184e-07, '01101010': 2.1610071692811546e-09, '01101011': 2.416768703377345e-13, '01101100': 3.8937269570450335e-12, '01101101': 2.4675835111658913e-08, '01101110': 1.1557249260894974e-08, '01101111': 3.910686870353297e-15, '01110000': 8.193269389508774e-08, '01110001': 3.1995907943435073e-09, '01110010': 9.556228543853975e-14, '01110011': 1.090925813843695e-10, '01110100': 1.0145579774135982e-14, '01110101': 5.389088996386835e-10, '01110110': 3.337642952604578e-14, '01110111': 3.0161720714958266e-11, '01111000': 1.889597823071753e-07, '01111001': 2.887546159323633e-13, '01111010': 1.6216939013268754e-13, '01111011': 9.15674461457499e-14, '01111100': 1.172100893309833e-13, '01111101': 5.9405907141799026e-09, '01111110': 1.2596508481516592e-15, '01111111': 3.3054455796684617e-10, '10000000': 1.82352139817195e-13, '10000001': 6.246471624515263e-08, '10000010': 5.9465742217481766e-08, '10000011': 1.3000759064691238e-13, '10000100': 3.481148092518083e-08, '10000101': 0.4999946750820558, '10000110': 1.171129242487978e-09, '10000111': 2.0608428089888663e-07, '10001000': 3.144673038214403e-14, '10001001': 5.382745844935489e-13, '10001010': 3.4364079812480866e-13, '10001011': 1.067704873981286e-14, '10001100': 1.0405158873575474e-12, '10001101': 2.240260010355904e-06, '10001110': 4.369249171724584e-08, '10001111': 3.109128558827507e-08, '10010000': 1.0387329295108464e-10, '10010001': 1.3912215020395895e-08, '10010010': 3.340298875578543e-14, '10010011': 2.630698083850573e-09, '10010100': 9.202825729982846e-15, '10010101': 2.483422079149589e-07, '10010110': 2.898053509095131e-13, '10010111': 8.592039413634649e-11, '10011000': 1.3041367899607707e-10, '10011001': 1.6429995497928656e-08, '10011010': 4.962593916422302e-15, '10011011': 5.591094871315828e-10, '10011100': 3.603631545882991e-14, '10011101': 5.7407437905577235e-09, '10011110': 6.592433273789003e-08, '10011111': 8.957822101300508e-11, '10100000': 3.322039688479476e-10, '10100001': 1.647466656760937e-14, '10100010': 5.903929526099277e-09, '10100011': 3.761926638027444e-14, '10100100': 9.042923943133404e-14, '10100101': 8.041834728354361e-14, '10100110': 1.7227592072123503e-13, '10100111': 1.036191684653259e-08, '10101000': 2.9505145124476625e-11, '10101001': 1.107367050365902e-15, '10101010': 5.468994582287597e-10, '10101011': 1.9757870616768757e-14, '10101100': 1.0966417786237125e-10, '10101101': 2.372689628415371e-13, '10101110': 3.202918318747597e-09, '10101111': 7.140924979441345e-08, '10110000': 5.2767209621450323e-14, '10110001': 6.403834532396714e-12, '10110010': 2.4925184746119906e-08, '10110011': 4.081154394009153e-12, '10110100': 2.722706075968875e-13, '10110101': 2.1508609867606836e-09, '10110110': 2.124259212862813e-07, '10110111': 1.8294236686969512e-08, '10111000': 4.017817143030288e-14, '10111001': 2.8651867014364826e-09, '10111010': 8.516926577045366e-08, '10111011': 4.5673938654116315e-12, '10111100': 3.095404970219592e-08, '10111101': 5.593740632517793e-08, '10111110': 4.67978268926147e-08, '10111111': 4.821388517674922e-07, '11000000': 7.607044971167117e-09, '11000001': 1.885518524275302e-13, '11000010': 7.03373702846767e-11, '11000011': 2.2132701159239603e-13, '11000100': 1.2769197274948374e-08, '11000101': 5.823628101146069e-14, '11000110': 7.156462114812858e-10, '11000111': 2.9848445509657412e-09, '11001000': 6.339924982572566e-10, '11001001': 2.7992610590687954e-14, '11001010': 6.859094247975728e-11, '11001011': 1.0388067496496356e-13, '11001100': 1.0779782894470896e-08, '11001101': 2.284456102202754e-15, '11001110': 3.4061915971466664e-09, '11001111': 2.4419658969908153e-09, '11010000': 1.1589890134789324e-12, '11010001': 5.657685402678493e-15, '11010010': 2.4068188955364135e-08, '11010011': 5.583469611411369e-08, '11010100': 8.618175410897379e-14, '11010101': 2.4664518447163422e-14, '11010110': 9.085870758616348e-15, '11010111': 6.658257685941766e-14, '11011000': 1.0335230569888283e-07, '11011001': 2.6680764074475693e-08, '11011010': 1.339785566710183e-07, '11011011': 1.5640087120192576e-09, '11011100': 1.3648405097643532e-08, '11011101': 5.59596497353335e-14, '11011110': 4.235953646231435e-12, '11011111': 1.681546407621878e-08, '11100000': 3.171614775947051e-08, '11100001': 7.287606734267062e-13, '11100010': 3.0103759117810387e-07, '11100011': 7.787206812628595e-09, '11100100': 2.2229302756702297e-09, '11100101': 9.70671471539649e-09, '11100110': 3.1018669567427808e-12, '11100111': 6.830127910277529e-14, '11101000': 1.6530214710627398e-09, '11101001': 1.1214016081130268e-07, '11101010': 2.4033894835275972e-08, '11101011': 2.6095307338892264e-07, '11101100': 1.2059377983736526e-10, '11101101': 6.760141150108071e-14, '11101110': 3.703658836027163e-12, '11101111': 9.297292140258676e-15, '11110000': 2.684757425542177e-09, '11110001': 1.395839969354938e-10, '11110010': 2.047484969818263e-08, '11110011': 2.4754412362365843e-09, '11110100': 4.3472154233899833e-16, '11110101': 2.3171623238136124e-11, '11110110': 6.707977222224878e-10, '11110111': 6.941215578064448e-10, '11111000': 1.1717956183205914e-13, '11111001': 5.1493369370436904e-14, '11111010': 2.1828039703096785e-08, '11111011': 9.789434512911935e-14, '11111100': 2.575791458732149e-16, '11111101': 2.564968262019402e-10, '11111110': 6.323533307934043e-10, '11111111': 7.636988735390683e-09}
Analog measurement results:
{'01011010': 531, '10000101': 493}
Full_results:
{'00000000': 0, '00000001': 0, '00000010': 0, '00000011': 0, '00000100': 0, '00000101': 0, '00000110': 0, '00000111': 0, '00001000': 0, '00001001': 0, '00001010': 0, '00001011': 0, '00001100': 0, '00001101': 0, '00001110': 0, '00001111': 0, '00010000': 0, '00010001': 0, '00010010': 0, '00010011': 0, '00010100': 0, '00010101': 0, '00010110': 0, '00010111': 0, '00011000': 0, '00011001': 0, '00011010': 0, '00011011': 0, '00011100': 0, '00011101': 0, '00011110': 0, '00011111': 0, '00100000': 0, '00100001': 0, '00100010': 0, '00100011': 0, '00100100': 0, '00100101': 0, '00100110': 0, '00100111': 0, '00101000': 0, '00101001': 0, '00101010': 0, '00101011': 0, '00101100': 0, '00101101': 0, '00101110': 0, '00101111': 0, '00110000': 0, '00110001': 0, '00110010': 0, '00110011': 0, '00110100': 0, '00110101': 0, '00110110': 0, '00110111': 0, '00111000': 0, '00111001': 0, '00111010': 0, '00111011': 0, '00111100': 0, '00111101': 0, '00111110': 0, '00111111': 0, '01000000': 0, '01000001': 0, '01000010': 0, '01000011': 0, '01000100': 0, '01000101': 0, '01000110': 0, '01000111': 0, '01001000': 0, '01001001': 0, '01001010': 0, '01001011': 0, '01001100': 0, '01001101': 0, '01001110': 0, '01001111': 0, '01010000': 0, '01010001': 0, '01010010': 0, '01010011': 0, '01010100': 0, '01010101': 0, '01010110': 0, '01010111': 0, '01011000': 0, '01011001': 0, '01011010': 531, '01011011': 0, '01011100': 0, '01011101': 0, '01011110': 0, '01011111': 0, '01100000': 0, '01100001': 0, '01100010': 0, '01100011': 0, '01100100': 0, '01100101': 0, '01100110': 0, '01100111': 0, '01101000': 0, '01101001': 0, '01101010': 0, '01101011': 0, '01101100': 0, '01101101': 0, '01101110': 0, '01101111': 0, '01110000': 0, '01110001': 0, '01110010': 0, '01110011': 0, '01110100': 0, '01110101': 0, '01110110': 0, '01110111': 0, '01111000': 0, '01111001': 0, '01111010': 0, '01111011': 0, '01111100': 0, '01111101': 0, '01111110': 0, '01111111': 0, '10000000': 0, '10000001': 0, '10000010': 0, '10000011': 0, '10000100': 0, '10000101': 493, '10000110': 0, '10000111': 0, '10001000': 0, '10001001': 0, '10001010': 0, '10001011': 0, '10001100': 0, '10001101': 0, '10001110': 0, '10001111': 0, '10010000': 0, '10010001': 0, '10010010': 0, '10010011': 0, '10010100': 0, '10010101': 0, '10010110': 0, '10010111': 0, '10011000': 0, '10011001': 0, '10011010': 0, '10011011': 0, '10011100': 0, '10011101': 0, '10011110': 0, '10011111': 0, '10100000': 0, '10100001': 0, '10100010': 0, '10100011': 0, '10100100': 0, '10100101': 0, '10100110': 0, '10100111': 0, '10101000': 0, '10101001': 0, '10101010': 0, '10101011': 0, '10101100': 0, '10101101': 0, '10101110': 0, '10101111': 0, '10110000': 0, '10110001': 0, '10110010': 0, '10110011': 0, '10110100': 0, '10110101': 0, '10110110': 0, '10110111': 0, '10111000': 0, '10111001': 0, '10111010': 0, '10111011': 0, '10111100': 0, '10111101': 0, '10111110': 0, '10111111': 0, '11000000': 0, '11000001': 0, '11000010': 0, '11000011': 0, '11000100': 0, '11000101': 0, '11000110': 0, '11000111': 0, '11001000': 0, '11001001': 0, '11001010': 0, '11001011': 0, '11001100': 0, '11001101': 0, '11001110': 0, '11001111': 0, '11010000': 0, '11010001': 0, '11010010': 0, '11010011': 0, '11010100': 0, '11010101': 0, '11010110': 0, '11010111': 0, '11011000': 0, '11011001': 0, '11011010': 0, '11011011': 0, '11011100': 0, '11011101': 0, '11011110': 0, '11011111': 0, '11100000': 0, '11100001': 0, '11100010': 0, '11100011': 0, '11100100': 0, '11100101': 0, '11100110': 0, '11100111': 0, '11101000': 0, '11101001': 0, '11101010': 0, '11101011': 0, '11101100': 0, '11101101': 0, '11101110': 0, '11101111': 0, '11110000': 0, '11110001': 0, '11110010': 0, '11110011': 0, '11110100': 0, '11110101': 0, '11110110': 0, '11110111': 0, '11111000': 0, '11111001': 0, '11111010': 0, '11111011': 0, '11111100': 0, '11111101': 0, '11111110': 0, '11111111': 0}
