Running configuration:
Namespace(atoms=None, charge=None, clause='[[1, 2, 3],[-1, -2, 4],[1, -3, 5],[-1, 3, -5],[2, -4, 6],[-2, 4, -6],[-3, -5, 6],[3, 5, -6],[-1, -4, -6],[1, 4, -5],[2, -3, -4],[-2, -5, 6],[-1, -3, 6]]', coords=None, depths=20, external_cycles=50, freeze_core=None, graph_dict=None, internal_cycles=2000, mapper=None, multiplicity=None, problem='Not-All-Equal 3-Satisfiability', qubits=6, remove_orbitals=None)
No graph weights provided, using default values or skipping.

Logic expression:
(x1 OR x2 OR x3) AND (NOT x1 OR NOT x2 OR x4) AND (x1 OR NOT x3 OR x5) AND (NOT x1 OR x3 OR NOT x5) AND (x2 OR NOT x4 OR x6) AND (NOT x2 OR x4 OR NOT x6) AND (NOT x3 OR NOT x5 OR x6) AND (x3 OR x5 OR NOT x6) AND (NOT x1 OR NOT x4 OR NOT x6) AND (x1 OR x4 OR NOT x5) AND (x2 OR NOT x3 OR NOT x4) AND (NOT x2 OR NOT x5 OR x6) AND (NOT x1 OR NOT x3 OR x6)

------------The 1 th architecture optimization------------
Current optimal ground state energy -0.9999999843481484
------------The 2 th architecture optimization------------
Current optimal ground state energy -0.9999999843481484
------------The 3 th architecture optimization------------
Current optimal ground state energy -0.9999999843481484
------------The 4 th architecture optimization------------
Current optimal ground state energy -0.9999999843481484
------------The 5 th architecture optimization------------
Current optimal ground state energy -1.9999999966606112
------------The 6 th architecture optimization------------
Current optimal ground state energy -1.9999999966606112
------------The 7 th architecture optimization------------
Current optimal ground state energy -1.9999999966606112
------------The 8 th architecture optimization------------
Current optimal ground state energy -3.9999998730620803
------------The 9 th architecture optimization------------
Current optimal ground state energy -3.9999998730620803
------------The 10 th architecture optimization------------
Current optimal ground state energy -3.9999998730620803
------------The 11 th architecture optimization------------
Current optimal ground state energy -3.9999999853462347
------------The 12 th architecture optimization------------
Current optimal ground state energy -3.9999999860385946
------------The 13 th architecture optimization------------
Current optimal ground state energy -3.9999999860385946
------------The 14 th architecture optimization------------
Current optimal ground state energy -3.9999999860385946
------------The 15 th architecture optimization------------
Current optimal ground state energy -3.9999999860385946
------------The 16 th architecture optimization------------
Current optimal ground state energy -3.9999999860385946
------------The 17 th architecture optimization------------
Current optimal ground state energy -3.9999999860385946
------------The 18 th architecture optimization------------
Current optimal ground state energy -3.9999999860385946
------------The 19 th architecture optimization------------
Current optimal ground state energy -3.9999999860385946
------------The 20 th architecture optimization------------
Current optimal ground state energy -3.9999999860385946
------------The 21 th architecture optimization------------
Current optimal ground state energy -3.9999999860385946
------------The 22 th architecture optimization------------
Current optimal ground state energy -3.9999999860385946
------------The 23 th architecture optimization------------
Current optimal ground state energy -3.9999999860385946
------------The 24 th architecture optimization------------
Current optimal ground state energy -3.9999999860385946
------------The 25 th architecture optimization------------
Current optimal ground state energy -3.9999999860385946
------------The 26 th architecture optimization------------
Current optimal ground state energy -3.9999999860385946
------------The 27 th architecture optimization------------
Current optimal ground state energy -3.9999999860385946
------------The 28 th architecture optimization------------
Current optimal ground state energy -3.9999999860385946
------------The 29 th architecture optimization------------
Current optimal ground state energy -3.9999999860385946
------------The 30 th architecture optimization------------
Current optimal ground state energy -3.9999999860385946
------------The 31 th architecture optimization------------
Current optimal ground state energy -3.9999999860385946
------------The 32 th architecture optimization------------
Current optimal ground state energy -3.9999999860385946
------------The 33 th architecture optimization------------
Current optimal ground state energy -3.9999999860385946
------------The 34 th architecture optimization------------
Current optimal ground state energy -3.9999999860385946
------------The 35 th architecture optimization------------
Current optimal ground state energy -3.9999999860385946
------------The 36 th architecture optimization------------
Current optimal ground state energy -3.9999999860385946
------------The 37 th architecture optimization------------
Current optimal ground state energy -3.9999999860385946
------------The 38 th architecture optimization------------
Current optimal ground state energy -3.9999999860385946
------------The 39 th architecture optimization------------
Current optimal ground state energy -3.9999999860385946
------------The 40 th architecture optimization------------
Current optimal ground state energy -3.9999999860385946
------------The 41 th architecture optimization------------
Current optimal ground state energy -3.9999999860385946
------------The 42 th architecture optimization------------
Current optimal ground state energy -3.9999999860385946
------------The 43 th architecture optimization------------
Current optimal ground state energy -3.9999999860385946
------------The 44 th architecture optimization------------
Current optimal ground state energy -3.9999999860385946
------------The 45 th architecture optimization------------
Current optimal ground state energy -3.9999999860385946
------------The 46 th architecture optimization------------
Current optimal ground state energy -3.9999999860385946
------------The 47 th architecture optimization------------
Current optimal ground state energy -3.9999999860385946
------------The 48 th architecture optimization------------
Current optimal ground state energy -3.9999999860385946
------------The 49 th architecture optimization------------
Current optimal ground state energy -3.9999999860385946
------------The 50 th architecture optimization------------
Current optimal ground state energy -3.9999999860385946
------------The 51 th architecture optimization------------
Current optimal ground state energy -3.9999999860385946

Updated p1 : [-2.8764552002113266, -4.963633347725013, 0.3679151322448586, -1.2748453926659327, 1.4846637975094517, -7.842317190582662, -1.9139860022160669, -7.436728665332175, -3.4242045805347496, -6.7060034207131505, 0.1830922004109823, 5.80669840902317, 4.815320280129027, -0.6311550903096217, -2.8372240010040652, -7.966864400797397, 1.669155221624603, -3.169584921953266, -2.1349705663633953, 1.332778693686448, -5.232436031462145, 0.4169754574622946, -1.2539158353621396, -2.3517989749503574, 4.566607203256785, 2.9664307272864203, -5.627907562737562, 5.674421263798228, -7.971140863006477, -4.352262852909071, -5.9439395966474615, -2.879403629351221, -5.78016271910604, -3.7823980625195857, -1.9931869091185614, -0.899210651775026, -3.9522677175623073, -6.980327584596343, 0.10838444880588582, 1.5007695352642454, 1.8392090011326054, -7.56981871424885, -6.41206023626746, 2.023952569874078, -6.461449399831334, -7.001140080757057, -1.224699557696323, -2.5288778859437153, 2.10014374245082, -7.395329892764684, -4.620323294204454, -3.7222201926437872, -3.1209783154907536, -7.880990939959157, 0.26324294027594775, -7.80497063361692, -3.4915484218485453, 5.647391440701494, -5.627071397928134, 1.5754290636034938, -1.1519012980338514, 5.874040883366222, -1.3895806354357774, -4.960242412944264, 6.93485555957249, 2.8591518534975524, -6.054947779560253, -0.07690200975311612, -3.406186805208063, 5.228662197938261, -5.585682955816126, 1.6584040113398046, 6.363725232298544, 5.632431592086249, 5.507373629480723, 1.9538329242749874, -3.4543065785892404, -6.876452164581724, -5.4221548707433165, 5.403902393928593, 2.61864080931306, -6.434616631568391, 6.58050216589667, -0.35161299812093283, -5.422925074596669, -0.8059364865828123, -2.0122667403870595, -4.7918006081834115, 1.4940547216536828, -0.10859199257792174, -3.8882376769348195, 4.0415838762236085, 0.08213572669441227, -2.908466856089351, -5.632800699979505, -0.5081385073001519, -5.6905491440820875, 5.733626960096537, -0.5761818364295781, 5.690962154112915, -3.2018609303333, -1.096175200764855, -0.1795170047219976, 5.475159470647236, -6.0957731550803445, -2.020632261726157, -6.734448231440346, 5.715057440189565, 4.248338071970149, -1.9915566689869717, 2.032596030480624, 0.14558111290349451, 1.1767650234973903, 4.78275064437193, 6.7971793118587875, -6.786653173211931, 0.518349379177268, 5.548824572571659, -2.0521930790192435, -4.180602346541123]
Optimal molecular ground state energy: -3.9999999860385946
Optimized angle parameters: [ 1.95467221e-05  4.97223756e+00  3.14160741e+00  2.36739360e-06
  2.51571428e+00  4.45252093e+00  6.52307007e+00  6.90907065e+00
  1.57078582e+00  6.28310258e+00 -2.33309891e-01 -5.00156960e-02
  3.68352772e-05  7.57127816e-01  6.85795939e+00  5.95016544e+00
  3.51979732e+00 -7.17679254e-02  3.06963174e+00  2.16398642e+00
  3.04005022e+00  1.48695735e+00  4.71240010e+00  3.14160763e+00
  3.24081920e-01 -1.62421478e-05  1.02452947e+00]
Depth: 19
Final Statevector:
 Statevector([-9.80214428e-07+1.99586449e-07j,
              5.70613477e-06-8.93754765e-06j,
              8.94720256e-12-1.83751588e-12j,
             -3.01327051e-06-2.00307936e-06j,
             -3.66804501e-06-5.28684119e-06j,
             -1.95859853e-10-1.46385880e-10j,
             -5.79579083e-11-3.24658330e-13j,
             -1.30261432e-06-2.15474521e-07j,
             -9.37609254e-09-4.97509698e-07j,
              1.80195010e-10-7.14009177e-10j,
             -1.20683081e-08+4.66391968e-08j,
             -1.04983290e-06+1.17086519e-05j,
              7.67003698e-08+1.64534382e-07j,
             -3.61337169e-10+3.13441010e-11j,
             -8.70949380e-11-1.18010471e-10j,
              2.74248747e-06+3.01989736e-06j,
              6.01904893e-10+5.81910652e-10j,
             -1.21203775e-06+1.12413323e-05j,
             -5.63046361e-12+1.30627180e-11j,
              2.30174448e-07+6.12961808e-09j,
              6.77028111e-01+7.13447211e-01j,
              4.63853705e-12+9.75047445e-12j,
              3.16646568e-06-6.54166287e-07j,
              1.50395178e-11+2.36727244e-12j,
             -4.67322234e-06-1.01179423e-06j,
              1.51844753e-12-1.21504219e-12j,
             -7.57625533e-07+1.08798226e-05j,
              1.81560087e-11-7.40595504e-11j,
             -2.54774812e-10-6.65797806e-10j,
              3.06815693e-07-3.21881091e-07j,
              1.19784278e-10+4.14127618e-11j,
             -4.47435142e-03-3.94315146e-05j,
             -1.32500647e-02+2.07286399e-02j,
              4.22442685e-10-8.62535853e-11j,
             -1.62427289e-08+7.91415048e-08j,
             -8.72023148e-11-1.93862162e-10j,
              5.03462955e-11-2.53038660e-10j,
             -1.58643773e-06-7.58895442e-07j,
              3.47577404e-13+5.86793830e-14j,
             -2.40497827e-06+8.88581608e-06j,
              5.44838827e-11-4.82852612e-11j,
             -9.53955879e-06-1.50012735e-05j,
             -2.13378686e-12+2.34176381e-12j,
              6.90888723e-02+1.65007507e-01j,
             -6.99335477e-08+9.70549504e-08j,
              6.93682160e-11+3.61692530e-11j,
             -2.10486542e-06-8.91935695e-07j,
              4.57283104e-11+2.43088885e-10j,
              2.20764756e-05-3.95738256e-06j,
             -3.63959645e-10+2.83819589e-10j,
              4.02876646e-11-1.79513869e-10j,
              2.43259508e-09+3.29354226e-08j,
             -1.67752013e-06+3.99570050e-05j,
              2.51528113e-07+8.49591193e-08j,
              1.24226760e-10+6.10697408e-11j,
              7.57880629e-08-4.95724633e-08j,
             -4.80771522e-06+5.43673017e-06j,
              1.53285651e-10+3.11766955e-10j,
             -3.16521621e-10+2.83944582e-10j,
             -2.82603640e-07-1.13569492e-06j,
             -1.93973397e-05-4.41741962e-06j,
             -6.59056410e-11-2.25793397e-12j,
              1.90623073e-06-2.94069351e-07j,
             -2.58783158e-07-1.39618183e-07j],
            dims=(2, 2, 2, 2, 2, 2))
Standard: -4.000000000000003
Error: 1.3961408029672384e-08

Bit strings: ['010100', '011111', '100000', '101011']
Node status for all best solutions (node number: spin value):
Solution 1:
Node x1: Spin Value 1(-> 0)
Node x2: Spin Value -1(-> 1)
Node x3: Spin Value 1(-> 0)
Node x4: Spin Value -1(-> 1)
Node x5: Spin Value 1(-> 0)
Node x6: Spin Value 1(-> 0)
Solution 2:
Node x1: Spin Value 1(-> 0)
Node x2: Spin Value -1(-> 1)
Node x3: Spin Value -1(-> 1)
Node x4: Spin Value -1(-> 1)
Node x5: Spin Value -1(-> 1)
Node x6: Spin Value -1(-> 1)
Solution 3:
Node x1: Spin Value -1(-> 1)
Node x2: Spin Value 1(-> 0)
Node x3: Spin Value 1(-> 0)
Node x4: Spin Value 1(-> 0)
Node x5: Spin Value 1(-> 0)
Node x6: Spin Value 1(-> 0)
Solution 4:
Node x1: Spin Value -1(-> 1)
Node x2: Spin Value 1(-> 0)
Node x3: Spin Value -1(-> 1)
Node x4: Spin Value 1(-> 0)
Node x5: Spin Value -1(-> 1)
Node x6: Spin Value -1(-> 1)

State dictionary:
{'000000': 1.0006550763136736e-12, '000001': 1.1243973194480192e-10, '000010': 8.34288982836313e-23, '000011': 1.3092126087350043e-11, '000100': 4.1405243917796526e-11, '000101': 5.978990783440856e-20, '000110': 3.359224539722884e-21, '000111': 1.7432333246782723e-12, '001000': 2.4760381100862547e-13, '001001': 5.422793465065167e-19, '001010': 2.3208587417002913e-15, '001011': 1.3819467907912495e-10, '001100': 3.295450948217679e-14, '001101': 1.315470021254503e-19, '001110': 2.151199960657403e-20, '001111': 1.6641017613047905e-11, '010000': 7.00909507775206e-19, '010001': 1.2783658643629453e-10, '010010': 2.0233672167810046e-22, '010011': 5.301784875208817e-14, '010100': 0.9673739848116173, '010101': 1.165877780600378e-22, '010110': 1.0454438457993444e-11, '010111': 2.317910747141097e-22, '011000': 2.2862734608762445e-11, '011001': 3.782010422894204e-24, '011010': 1.189445364798548e-10, '011011': 5.814457663986023e-21, '011100': 5.081969231892377e-19, '011101': 1.977433062216904e-13, '011110': 1.606329018454311e-20, '011111': 2.002137549380296e-05, '100000': 0.0006052407268590006, '100001': 1.8589750288011845e-19, '100010': 6.527204021000647e-15, '100011': 4.518678173250835e-20, '100100': 6.656331292208012e-20, '100101': 3.0927069678078467e-12, '100110': 1.242533214938e-25, '100111': 8.474164794477069e-11, '101000': 5.299959921977894e-21, '101001': 3.1604138945261593e-10, '101010': 1.0036904111927259e-23, '101011': 0.03200074951565164, '101100': 1.431036449500276e-14, '101101': 6.120164252890452e-21, '101110': 5.226007704775116e-12, '101111': 6.118328451636811e-20, '110000': 5.030316523761311e-10, '110001': 2.1302018195754278e-19, '110010': 3.384832507610478e-20, '110011': 1.0906595794376107e-15, '110100': 1.5993763244907365e-09, '110101': 7.048444338395175e-14, '110110': 1.9161801117066426e-20, '110111': 8.201259600214265e-15, '111000': 5.267216061044825e-11, '111001': 1.2069512485144494e-19, '111010': 1.8081046226881638e-19, '111011': 1.3696677637048401e-12, '111100': 3.957703836287594e-10, '111101': 4.348651775751917e-21, '111110': 3.720192378530386e-12, '111111': 8.646196018433255e-14}
Analog measurement results:
{'010100': 987, '101011': 37}
Full_results:
{'000000': 0, '000001': 0, '000010': 0, '000011': 0, '000100': 0, '000101': 0, '000110': 0, '000111': 0, '001000': 0, '001001': 0, '001010': 0, '001011': 0, '001100': 0, '001101': 0, '001110': 0, '001111': 0, '010000': 0, '010001': 0, '010010': 0, '010011': 0, '010100': 987, '010101': 0, '010110': 0, '010111': 0, '011000': 0, '011001': 0, '011010': 0, '011011': 0, '011100': 0, '011101': 0, '011110': 0, '011111': 0, '100000': 0, '100001': 0, '100010': 0, '100011': 0, '100100': 0, '100101': 0, '100110': 0, '100111': 0, '101000': 0, '101001': 0, '101010': 0, '101011': 37, '101100': 0, '101101': 0, '101110': 0, '101111': 0, '110000': 0, '110001': 0, '110010': 0, '110011': 0, '110100': 0, '110101': 0, '110110': 0, '110111': 0, '111000': 0, '111001': 0, '111010': 0, '111011': 0, '111100': 0, '111101': 0, '111110': 0, '111111': 0}
