Running configuration:
Namespace(atoms=None, charge=None, coords=None, depths=30, external_cycles=100, freeze_core=None, graph_dict='{\n    "0": {\n        "1": {\n            "weight": 4\n        },\n        "2": {\n            "weight": 3\n        }\n    },\n    "1": {\n        "0": {\n            "weight": 4\n        },\n        "3": {\n            "weight": 2\n        }\n    },\n    "2": {\n        "0": {\n            "weight": 3\n        },\n        "3": {\n            "weight": 6\n        }\n    },\n    "3": {\n        "1": {\n            "weight": 2\n        },\n        "2": {\n            "weight": 6\n        }\n    }\n}', internal_cycles=2000, mapper=None, multiplicity=None, problem='The Unweighted Max-Cut Problem', qubits=4, remove_orbitals=None)
Loaded graph weights:
{'0': {'1': {'weight': 4}, '2': {'weight': 3}}, '1': {'0': {'weight': 4}, '3': {'weight': 2}}, '2': {'0': {'weight': 3}, '3': {'weight': 6}}, '3': {'1': {'weight': 2}, '2': {'weight': 6}}}

------------The 1 th architecture optimization------------
Current optimal ground state energy -14.99999927158055
------------The 2 th architecture optimization------------
Current optimal ground state energy -14.999999975747276
------------The 3 th architecture optimization------------
Current optimal ground state energy -14.999999975747276
------------The 4 th architecture optimization------------
Current optimal ground state energy -14.999999975747276
------------The 5 th architecture optimization------------
Current optimal ground state energy -14.999999975747276
------------The 6 th architecture optimization------------
Current optimal ground state energy -14.999999975747276
------------The 7 th architecture optimization------------
Current optimal ground state energy -14.999999980990665
------------The 8 th architecture optimization------------
Current optimal ground state energy -14.999999980990665
------------The 9 th architecture optimization------------
Current optimal ground state energy -14.999999980990665
------------The 10 th architecture optimization------------
Current optimal ground state energy -14.999999980990665
------------The 11 th architecture optimization------------
Current optimal ground state energy -14.999999980990665
------------The 12 th architecture optimization------------
Current optimal ground state energy -14.999999980990665
------------The 13 th architecture optimization------------
Current optimal ground state energy -14.999999980990665
------------The 14 th architecture optimization------------
Current optimal ground state energy -14.999999980990665
------------The 15 th architecture optimization------------
Current optimal ground state energy -14.999999980990665
------------The 16 th architecture optimization------------
Current optimal ground state energy -14.999999984182809
------------The 17 th architecture optimization------------
Current optimal ground state energy -14.999999984182809
------------The 18 th architecture optimization------------
Current optimal ground state energy -14.999999996450695
------------The 19 th architecture optimization------------
Current optimal ground state energy -14.999999996450695
------------The 20 th architecture optimization------------
Current optimal ground state energy -14.999999996450695
------------The 21 th architecture optimization------------
Current optimal ground state energy -14.999999996450695
------------The 22 th architecture optimization------------
Current optimal ground state energy -14.999999996450695
------------The 23 th architecture optimization------------
Current optimal ground state energy -14.999999996450695
------------The 24 th architecture optimization------------
Current optimal ground state energy -14.999999996450695
------------The 25 th architecture optimization------------
Current optimal ground state energy -14.999999996450695
------------The 26 th architecture optimization------------
Current optimal ground state energy -14.999999996450695
------------The 27 th architecture optimization------------
Current optimal ground state energy -14.999999996450695
------------The 28 th architecture optimization------------
Current optimal ground state energy -14.999999996450695
------------The 29 th architecture optimization------------
Current optimal ground state energy -14.999999996450695
------------The 30 th architecture optimization------------
Current optimal ground state energy -14.999999996450695
------------The 31 th architecture optimization------------
Current optimal ground state energy -14.999999996450695
------------The 32 th architecture optimization------------
Current optimal ground state energy -14.999999996450695
------------The 33 th architecture optimization------------
Current optimal ground state energy -14.999999996450695
------------The 34 th architecture optimization------------
Current optimal ground state energy -14.999999996450695
------------The 35 th architecture optimization------------
Current optimal ground state energy -14.999999996450695
------------The 36 th architecture optimization------------
Current optimal ground state energy -14.999999996450695
------------The 37 th architecture optimization------------
Current optimal ground state energy -14.999999996450695
------------The 38 th architecture optimization------------
Current optimal ground state energy -14.999999996450695
------------The 39 th architecture optimization------------
Current optimal ground state energy -14.999999996450695
------------The 40 th architecture optimization------------
Current optimal ground state energy -14.999999996450695
------------The 41 th architecture optimization------------
Current optimal ground state energy -14.999999996450695
------------The 42 th architecture optimization------------
Current optimal ground state energy -14.999999996450695
------------The 43 th architecture optimization------------
Current optimal ground state energy -14.999999996450695
------------The 44 th architecture optimization------------
Current optimal ground state energy -14.999999996450695
------------The 45 th architecture optimization------------
Current optimal ground state energy -14.999999996450695
------------The 46 th architecture optimization------------
Current optimal ground state energy -14.999999996450695
------------The 47 th architecture optimization------------
Current optimal ground state energy -14.999999996450695
------------The 48 th architecture optimization------------
Current optimal ground state energy -14.999999996450695
------------The 49 th architecture optimization------------
Current optimal ground state energy -14.999999996450695
------------The 50 th architecture optimization------------
Current optimal ground state energy -14.999999996450695
------------The 51 th architecture optimization------------
Current optimal ground state energy -14.999999996450695
------------The 52 th architecture optimization------------
Current optimal ground state energy -14.999999996450695
------------The 53 th architecture optimization------------
Current optimal ground state energy -14.999999996450695
------------The 54 th architecture optimization------------
Current optimal ground state energy -14.999999996450695
------------The 55 th architecture optimization------------
Current optimal ground state energy -14.999999996450695
------------The 56 th architecture optimization------------
Current optimal ground state energy -14.999999996450695
------------The 57 th architecture optimization------------
Current optimal ground state energy -14.999999996450695
------------The 58 th architecture optimization------------
Current optimal ground state energy -14.999999996450695
------------The 59 th architecture optimization------------
Current optimal ground state energy -14.999999996450695
------------The 60 th architecture optimization------------
Current optimal ground state energy -14.999999996450695
------------The 61 th architecture optimization------------
Current optimal ground state energy -14.999999996450695
------------The 62 th architecture optimization------------
Current optimal ground state energy -14.999999996450695
------------The 63 th architecture optimization------------
Current optimal ground state energy -14.999999996450695
------------The 64 th architecture optimization------------
Current optimal ground state energy -14.999999996450695
------------The 65 th architecture optimization------------
Current optimal ground state energy -14.999999996450695
------------The 66 th architecture optimization------------
Current optimal ground state energy -14.999999996450695
------------The 67 th architecture optimization------------
Current optimal ground state energy -14.999999996450695
------------The 68 th architecture optimization------------
Current optimal ground state energy -14.999999996450695
------------The 69 th architecture optimization------------
Current optimal ground state energy -14.999999996450695
------------The 70 th architecture optimization------------
Current optimal ground state energy -14.999999996450695
------------The 71 th architecture optimization------------
Current optimal ground state energy -14.999999996450695
------------The 72 th architecture optimization------------
Current optimal ground state energy -14.999999996450695
------------The 73 th architecture optimization------------
Current optimal ground state energy -14.999999996450695
------------The 74 th architecture optimization------------
Current optimal ground state energy -14.999999996450695
------------The 75 th architecture optimization------------
Current optimal ground state energy -14.999999996450695
------------The 76 th architecture optimization------------
Current optimal ground state energy -14.999999996450695
------------The 77 th architecture optimization------------
Current optimal ground state energy -14.999999996450695
------------The 78 th architecture optimization------------
Current optimal ground state energy -14.999999996450695
------------The 79 th architecture optimization------------
Current optimal ground state energy -14.999999996450695
------------The 80 th architecture optimization------------
Current optimal ground state energy -14.999999996450695
------------The 81 th architecture optimization------------
Current optimal ground state energy -14.999999996450695
------------The 82 th architecture optimization------------
Current optimal ground state energy -14.999999996450695
------------The 83 th architecture optimization------------
Current optimal ground state energy -14.999999996450695
------------The 84 th architecture optimization------------
Current optimal ground state energy -14.999999996450695
------------The 85 th architecture optimization------------
Current optimal ground state energy -14.999999996450695
------------The 86 th architecture optimization------------
Current optimal ground state energy -14.999999996450695
------------The 87 th architecture optimization------------
Current optimal ground state energy -14.999999996450695
------------The 88 th architecture optimization------------
Current optimal ground state energy -14.999999996450695
------------The 89 th architecture optimization------------
Current optimal ground state energy -14.999999996450695
------------The 90 th architecture optimization------------
Current optimal ground state energy -14.999999996450695
------------The 91 th architecture optimization------------
Current optimal ground state energy -14.999999996450695
------------The 92 th architecture optimization------------
Current optimal ground state energy -14.999999996450695
------------The 93 th architecture optimization------------
Current optimal ground state energy -14.999999996450695
------------The 94 th architecture optimization------------
Current optimal ground state energy -14.999999996450695
------------The 95 th architecture optimization------------
Current optimal ground state energy -14.999999996450695
------------The 96 th architecture optimization------------
Current optimal ground state energy -14.999999996450695
------------The 97 th architecture optimization------------
Current optimal ground state energy -14.999999996450695
------------The 98 th architecture optimization------------
Current optimal ground state energy -14.999999996450695
------------The 99 th architecture optimization------------
Current optimal ground state energy -14.999999996450695
------------The 100 th architecture optimization------------
Current optimal ground state energy -14.999999996450695
------------The 101 th architecture optimization------------
Current optimal ground state energy -14.999999996450695

Updated p1 : [-2.3320662721539493, -7.662958986237412, -0.8543877875767798, -2.3408088959623994, -2.5352185728626413, -3.7056473269496353, -5.339567757508046, 0.05052256255862986, -4.104489242231198, -4.5312454236627335, 0.07473982600083495, -1.1211527743984906, -6.250460710515863, -1.3234844235452954, -5.602281746590101, 2.2093569216167577, 3.101678804313357, -1.5749211140349368, 3.0052993096470875, -6.964608798882207, -1.4318008284178472, -7.151275442970585, -2.434409741233936, -6.745098096412036, -6.346920367883392, -0.2423109832782533, -5.061843992144933, -6.609706103970221, -5.136019308082723, -3.452258294957109, -1.9187627004300953, -5.37733805855545, 0.32528742779389397, -1.7200921378272271, -1.4319226397588594, -2.970395535458728, 2.3172869077405043, -0.45994567458851243, -5.890118219469919, 1.109780505893033, 4.539164041160319, -1.4998913047871811, 3.563760831299886, -3.559022515275574, -0.6271263408397783, -2.4419024771505677, -2.322285580651611, 2.0952694049623073, -1.0371457445304664, 4.398648950283269, -0.9252939180746704, -6.932766010424677, -3.237548778224734, 3.061056552058524, -2.718424440376638, -7.646369243366955, -4.7866958930344055, -7.127123180419589, 4.92007614847655, 4.617544073903259, 2.403358564723632, -0.17637742172892246, 1.944478185871862, -5.800069194405687, -4.190697986347282, -1.187130621095264, -3.3638843454041334, -7.406173451809799, 4.780994789643769, -2.2623860483869915, -1.4479942880710146, -3.7939628720489145, -4.623318214287218, -2.9704314908300873, 2.816219695248515, 1.5777117317324691, -3.0702626297587114, -7.830774622970842, 2.36626420742372, -4.497945631248084, -0.42509644912254974, -7.667837755953994, 0.6086262504882374, -2.9621954636473395, -1.538040616451334, -2.6062241141290645, -3.438665283078673, -0.8372872307825485, 4.647838968372726, -6.533909201905071, -3.9276391304137226, -7.456629772400969, 1.5991968620717056, 0.5476610395675721, -5.209735296800602, -2.5822052774606163, 0.369945143926536, 0.5992572473007396, -5.78379726471098, 3.461479064731135, 2.1141060775100904, -6.258595293768017, 3.2959161436170277, 1.7341124175991105, 2.3816135032880545, -0.9365120024092635, -5.129107104200995, 3.9399624056648097, -0.3029004903371062, -3.4989071770830957, -4.570879119359742, 3.8809012031467187, -2.543439003011329, -0.9775102963272975, -0.09025194853435359, 2.7412477696440565, 0.10632139930770101, -5.7027418994024615, -0.31365441550390294, -1.6395398290668295]
Optimal molecular ground state energy: -14.999999996450695
Optimized angle parameters: [2.19836574 0.13885127 6.92750194 1.14797741 4.18992884 3.17276078
 0.58654721 1.42346667 1.4865321  3.48334371 3.43683696 6.05460041
 1.15687409 5.28477836 1.05449278 3.52455411 0.70782993 4.83467572
 5.6050016  1.49235606 1.65284741 5.61372088 3.41192403 6.08131462
 4.20375073 3.41344188 5.90206745 4.24096969 5.07268604 0.37086597
 0.99240408 1.63090792 4.10357894 4.12293109 0.96445521 5.98598119
 1.18789461 2.50081013 5.24253433 4.78778631 2.19562123 4.37414828
 2.18399832 4.83180578 0.39106726 3.19802342 5.31120748 1.5608029
 0.50126684]
Depth: 27
Final Statevector:
 Statevector([ 5.45978991e-06+2.02227680e-11j,
              1.86635263e-16-7.83871335e-11j,
             -3.26021986e-06+8.27084726e-11j,
              1.14971912e-15+6.02156387e-11j,
              7.41179652e-06-2.38273502e-12j,
             -5.32036547e-17-1.01518814e-10j,
             -2.72872833e-17-1.00000000e+00j,
             -1.43571779e-05+4.65720328e-12j,
             -6.57153510e-17-8.95273138e-11j,
             -1.21206351e-15-6.63816059e-12j,
             -1.10278448e-05-9.48744252e-12j,
             -5.41411008e-17+1.62292577e-10j,
             -4.02498407e-06-8.86003901e-11j,
             -1.33282864e-15+4.87758179e-11j,
             -3.83045957e-06+2.35767243e-11j,
             -1.21583060e-06+5.49947248e-11j],
            dims=(2, 2, 2, 2))
Standard: -15.00000000000001
Error: 3.5493155081667283e-09

The value of the Weighted Max-Cut problem is: 15.0
The corresponding grouping scheme is as follows:
[0 1 1 0]
[1 0 0 1]

State dictionary:
{'0000': 2.980930590354163e-11, '0001': 6.144542705318172e-21, '0010': 1.0629033544334486e-11, '0011': 3.625923141735855e-21, '0100': 5.493472771707845e-11, '0101': 1.0306069582763943e-20, '0110': 0.9999999995445341, '0111': 2.061285561979425e-10, '1000': 8.015139916078388e-21, '1001': 4.406517744161903e-23, '1010': 1.216133612676675e-10, '1011': 2.6338880458299272e-20, '1100': 1.6200496808229367e-11, '1101': 2.3790804140696033e-21, '1110': 1.4672420481200845e-11, '1111': 1.4782440601999618e-12}
Analog measurement results:
{'0110': 1024}
Full_results:
{'0000': 0, '0001': 0, '0010': 0, '0011': 0, '0100': 0, '0101': 0, '0110': 1024, '0111': 0, '1000': 0, '1001': 0, '1010': 0, '1011': 0, '1100': 0, '1101': 0, '1110': 0, '1111': 0}
